<?xml version="1.0" encoding="UTF-8"?>
<testsuite name="hwangjihun.mydashboard.MyDashboardApplicationTests" tests="1" skipped="0" failures="0" errors="0" timestamp="2022-12-12T06:04:54" hostname="DESKTOP-PCVPH1C" time="0.398">
  <properties/>
  <testcase name="contextLoads()" classname="hwangjihun.mydashboard.MyDashboardApplicationTests" time="0.398"/>
  <system-out><![CDATA[15:04:50.956 [Test worker] DEBUG org.springframework.test.context.BootstrapUtils - Instantiating CacheAwareContextLoaderDelegate from class [org.springframework.test.context.cache.DefaultCacheAwareContextLoaderDelegate]
15:04:50.963 [Test worker] DEBUG org.springframework.test.context.BootstrapUtils - Instantiating BootstrapContext using constructor [public org.springframework.test.context.support.DefaultBootstrapContext(java.lang.Class,org.springframework.test.context.CacheAwareContextLoaderDelegate)]
15:04:50.988 [Test worker] DEBUG org.springframework.test.context.BootstrapUtils - Instantiating TestContextBootstrapper for test class [hwangjihun.mydashboard.MyDashboardApplicationTests] from class [org.springframework.boot.test.context.SpringBootTestContextBootstrapper]
15:04:50.997 [Test worker] INFO org.springframework.boot.test.context.SpringBootTestContextBootstrapper - Neither @ContextConfiguration nor @ContextHierarchy found for test class [hwangjihun.mydashboard.MyDashboardApplicationTests], using SpringBootContextLoader
15:04:50.999 [Test worker] DEBUG org.springframework.test.context.support.AbstractContextLoader - Did not detect default resource location for test class [hwangjihun.mydashboard.MyDashboardApplicationTests]: class path resource [hwangjihun/mydashboard/MyDashboardApplicationTests-context.xml] does not exist
15:04:51.000 [Test worker] DEBUG org.springframework.test.context.support.AbstractContextLoader - Did not detect default resource location for test class [hwangjihun.mydashboard.MyDashboardApplicationTests]: class path resource [hwangjihun/mydashboard/MyDashboardApplicationTestsContext.groovy] does not exist
15:04:51.000 [Test worker] INFO org.springframework.test.context.support.AbstractContextLoader - Could not detect default resource locations for test class [hwangjihun.mydashboard.MyDashboardApplicationTests]: no resource found for suffixes {-context.xml, Context.groovy}.
15:04:51.001 [Test worker] INFO org.springframework.test.context.support.AnnotationConfigContextLoaderUtils - Could not detect default configuration classes for test class [hwangjihun.mydashboard.MyDashboardApplicationTests]: MyDashboardApplicationTests does not declare any static, non-private, non-final, nested classes annotated with @Configuration.
15:04:51.045 [Test worker] DEBUG org.springframework.test.context.support.ActiveProfilesUtils - Could not find an 'annotation declaring class' for annotation type [org.springframework.test.context.ActiveProfiles] and class [hwangjihun.mydashboard.MyDashboardApplicationTests]
15:04:51.092 [Test worker] DEBUG org.springframework.context.annotation.ClassPathScanningCandidateComponentProvider - Identified candidate component class: file [C:\Users\jihun\Desktop\Project\MyDashboard\MyDashboard\build\classes\java\main\hwangjihun\mydashboard\MyDashboardApplication.class]
15:04:51.094 [Test worker] INFO org.springframework.boot.test.context.SpringBootTestContextBootstrapper - Found @SpringBootConfiguration hwangjihun.mydashboard.MyDashboardApplication for test class hwangjihun.mydashboard.MyDashboardApplicationTests
15:04:51.164 [Test worker] DEBUG org.springframework.boot.test.context.SpringBootTestContextBootstrapper - @TestExecutionListeners is not present for class [hwangjihun.mydashboard.MyDashboardApplicationTests]: using defaults.
15:04:51.164 [Test worker] INFO org.springframework.boot.test.context.SpringBootTestContextBootstrapper - Loaded default TestExecutionListener class names from location [META-INF/spring.factories]: [org.springframework.boot.test.autoconfigure.restdocs.RestDocsTestExecutionListener, org.springframework.boot.test.autoconfigure.web.client.MockRestServiceServerResetTestExecutionListener, org.springframework.boot.test.autoconfigure.web.servlet.MockMvcPrintOnlyOnFailureTestExecutionListener, org.springframework.boot.test.autoconfigure.web.servlet.WebDriverTestExecutionListener, org.springframework.boot.test.autoconfigure.webservices.client.MockWebServiceServerTestExecutionListener, org.springframework.boot.test.mock.mockito.MockitoTestExecutionListener, org.springframework.boot.test.mock.mockito.ResetMocksTestExecutionListener, org.springframework.test.context.web.ServletTestExecutionListener, org.springframework.test.context.support.DirtiesContextBeforeModesTestExecutionListener, org.springframework.test.context.event.ApplicationEventsTestExecutionListener, org.springframework.test.context.support.DependencyInjectionTestExecutionListener, org.springframework.test.context.support.DirtiesContextTestExecutionListener, org.springframework.test.context.transaction.TransactionalTestExecutionListener, org.springframework.test.context.jdbc.SqlScriptsTestExecutionListener, org.springframework.test.context.event.EventPublishingTestExecutionListener]
15:04:51.181 [Test worker] INFO org.springframework.boot.test.context.SpringBootTestContextBootstrapper - Using TestExecutionListeners: [org.springframework.test.context.web.ServletTestExecutionListener@1af7f54a, org.springframework.test.context.support.DirtiesContextBeforeModesTestExecutionListener@6ebd78d1, org.springframework.test.context.event.ApplicationEventsTestExecutionListener@436390f4, org.springframework.boot.test.mock.mockito.MockitoTestExecutionListener@4d157787, org.springframework.boot.test.autoconfigure.SpringBootDependencyInjectionTestExecutionListener@68ed96ca, org.springframework.test.context.support.DirtiesContextTestExecutionListener@6d1310f6, org.springframework.test.context.transaction.TransactionalTestExecutionListener@3228d990, org.springframework.test.context.jdbc.SqlScriptsTestExecutionListener@54e7391d, org.springframework.test.context.event.EventPublishingTestExecutionListener@50b8ae8d, org.springframework.boot.test.autoconfigure.restdocs.RestDocsTestExecutionListener@255990cc, org.springframework.boot.test.autoconfigure.web.client.MockRestServiceServerResetTestExecutionListener@51c929ae, org.springframework.boot.test.autoconfigure.web.servlet.MockMvcPrintOnlyOnFailureTestExecutionListener@3c8bdd5b, org.springframework.boot.test.autoconfigure.web.servlet.WebDriverTestExecutionListener@29d2d081, org.springframework.boot.test.autoconfigure.webservices.client.MockWebServiceServerTestExecutionListener@40e4ea87, org.springframework.boot.test.mock.mockito.ResetMocksTestExecutionListener@58783f6c]
15:04:51.184 [Test worker] DEBUG org.springframework.test.context.support.AbstractDirtiesContextTestExecutionListener - Before test class: context [DefaultTestContext@3c321bdb testClass = MyDashboardApplicationTests, testInstance = [null], testMethod = [null], testException = [null], mergedContextConfiguration = [WebMergedContextConfiguration@24855019 testClass = MyDashboardApplicationTests, locations = '{}', classes = '{class hwangjihun.mydashboard.MyDashboardApplication}', contextInitializerClasses = '[]', activeProfiles = '{}', propertySourceLocations = '{}', propertySourceProperties = '{org.springframework.boot.test.context.SpringBootTestContextBootstrapper=true}', contextCustomizers = set[org.springframework.boot.test.autoconfigure.actuate.metrics.MetricsExportContextCustomizerFactory$DisableMetricExportContextCustomizer@65b3a85a, org.springframework.boot.test.autoconfigure.properties.PropertyMappingContextCustomizer@0, org.springframework.boot.test.autoconfigure.web.servlet.WebDriverContextCustomizerFactory$Customizer@4c4d27c8, org.springframework.boot.test.context.filter.ExcludeFilterContextCustomizer@129b4fe2, org.springframework.boot.test.json.DuplicateJsonObjectContextCustomizerFactory$DuplicateJsonObjectContextCustomizer@24b6b8f6, org.springframework.boot.test.mock.mockito.MockitoContextCustomizer@0, org.springframework.boot.test.web.client.TestRestTemplateContextCustomizer@3b77a04f, org.springframework.boot.test.context.SpringBootTestArgs@1, org.springframework.boot.test.context.SpringBootTestWebEnvironment@75c56eb9], resourceBasePath = 'src/main/webapp', contextLoader = 'org.springframework.boot.test.context.SpringBootContextLoader', parent = [null]], attributes = map['org.springframework.test.context.web.ServletTestExecutionListener.activateListener' -> true]], class annotated with @DirtiesContext [false] with mode [null].

  .   ____          _            __ _ _
 /\\ / ___'_ __ _ _(_)_ __  __ _ \ \ \ \
( ( )\___ | '_ | '_| | '_ \/ _` | \ \ \ \
 \\/  ___)| |_)| | | | | || (_| |  ) ) ) )
  '  |____| .__|_| |_|_| |_\__, | / / / /
 =========|_|==============|___/=/_/_/_/
 :: Spring Boot ::                (v2.7.6)

2022-12-12 15:04:51.657  INFO 39788 --- [    Test worker] h.m.MyDashboardApplicationTests          : Starting MyDashboardApplicationTests using Java 11.0.15 on DESKTOP-PCVPH1C with PID 39788 (started by jihun in C:\Users\jihun\Desktop\Project\MyDashboard\MyDashboard)
2022-12-12 15:04:51.658  INFO 39788 --- [    Test worker] h.m.MyDashboardApplicationTests          : No active profile set, falling back to 1 default profile: "default"
2022-12-12 15:04:52.379  WARN 39788 --- [    Test worker] o.m.s.mapper.ClassPathMapperScanner      : No MyBatis mapper was found in '[hwangjihun.mydashboard]' package. Please check your configuration.
2022-12-12 15:04:52.436  INFO 39788 --- [    Test worker] o.s.cloud.context.scope.GenericScope     : BeanFactory id=9b5fe956-dbcb-3d1c-8643-6b6be66abc52
2022-12-12 15:04:54.611  INFO 39788 --- [    Test worker] h.m.MyDashboardApplicationTests          : Started MyDashboardApplicationTests in 3.388 seconds (JVM running for 4.434)
]]></system-out>
  <system-err><![CDATA[]]></system-err>
</testsuite>
