<?xml version="1.0" encoding="UTF-8"?>
<testsuite name="hwangjihun.mydashboard.service.MemberServiceTest" tests="1" skipped="0" failures="0" errors="0" timestamp="2022-12-12T06:04:55" hostname="DESKTOP-PCVPH1C" time="0.227">
  <properties/>
  <testcase name="로그인 결과 받는지?" classname="hwangjihun.mydashboard.service.MemberServiceTest" time="0.227"/>
  <system-out><![CDATA[2022-12-12 15:04:55.052  INFO 39788 --- [    Test worker] .b.t.c.SpringBootTestContextBootstrapper : Neither @ContextConfiguration nor @ContextHierarchy found for test class [hwangjihun.mydashboard.service.MemberServiceTest], using SpringBootContextLoader
2022-12-12 15:04:55.053  INFO 39788 --- [    Test worker] o.s.t.c.support.AbstractContextLoader    : Could not detect default resource locations for test class [hwangjihun.mydashboard.service.MemberServiceTest]: no resource found for suffixes {-context.xml, Context.groovy}.
2022-12-12 15:04:55.054  INFO 39788 --- [    Test worker] t.c.s.AnnotationConfigContextLoaderUtils : Could not detect default configuration classes for test class [hwangjihun.mydashboard.service.MemberServiceTest]: MemberServiceTest does not declare any static, non-private, non-final, nested classes annotated with @Configuration.
2022-12-12 15:04:55.078  INFO 39788 --- [    Test worker] .b.t.c.SpringBootTestContextBootstrapper : Found @SpringBootConfiguration hwangjihun.mydashboard.MyDashboardApplication for test class hwangjihun.mydashboard.service.MemberServiceTest
2022-12-12 15:04:55.081  INFO 39788 --- [    Test worker] .b.t.c.SpringBootTestContextBootstrapper : Loaded default TestExecutionListener class names from location [META-INF/spring.factories]: [org.springframework.boot.test.autoconfigure.restdocs.RestDocsTestExecutionListener, org.springframework.boot.test.autoconfigure.web.client.MockRestServiceServerResetTestExecutionListener, org.springframework.boot.test.autoconfigure.web.servlet.MockMvcPrintOnlyOnFailureTestExecutionListener, org.springframework.boot.test.autoconfigure.web.servlet.WebDriverTestExecutionListener, org.springframework.boot.test.autoconfigure.webservices.client.MockWebServiceServerTestExecutionListener, org.springframework.boot.test.mock.mockito.MockitoTestExecutionListener, org.springframework.boot.test.mock.mockito.ResetMocksTestExecutionListener, org.springframework.test.context.web.ServletTestExecutionListener, org.springframework.test.context.support.DirtiesContextBeforeModesTestExecutionListener, org.springframework.test.context.event.ApplicationEventsTestExecutionListener, org.springframework.test.context.support.DependencyInjectionTestExecutionListener, org.springframework.test.context.support.DirtiesContextTestExecutionListener, org.springframework.test.context.transaction.TransactionalTestExecutionListener, org.springframework.test.context.jdbc.SqlScriptsTestExecutionListener, org.springframework.test.context.event.EventPublishingTestExecutionListener]
2022-12-12 15:04:55.081  INFO 39788 --- [    Test worker] .b.t.c.SpringBootTestContextBootstrapper : Using TestExecutionListeners: [org.springframework.test.context.web.ServletTestExecutionListener@31880efa, org.springframework.test.context.support.DirtiesContextBeforeModesTestExecutionListener@79295932, org.springframework.test.context.event.ApplicationEventsTestExecutionListener@2cadcff6, org.springframework.boot.test.mock.mockito.MockitoTestExecutionListener@76e00bdb, org.springframework.boot.test.autoconfigure.SpringBootDependencyInjectionTestExecutionListener@7ee2423, org.springframework.test.context.support.DirtiesContextTestExecutionListener@343d1d25, org.springframework.test.context.transaction.TransactionalTestExecutionListener@762da62b, org.springframework.test.context.jdbc.SqlScriptsTestExecutionListener@e5c5e6, org.springframework.test.context.event.EventPublishingTestExecutionListener@76dc36e5, org.springframework.boot.test.autoconfigure.restdocs.RestDocsTestExecutionListener@2a54c92e, org.springframework.boot.test.autoconfigure.web.client.MockRestServiceServerResetTestExecutionListener@31533eb1, org.springframework.boot.test.autoconfigure.web.servlet.MockMvcPrintOnlyOnFailureTestExecutionListener@1fb71788, org.springframework.boot.test.autoconfigure.web.servlet.WebDriverTestExecutionListener@8cb7185, org.springframework.boot.test.autoconfigure.webservices.client.MockWebServiceServerTestExecutionListener@4dac40b, org.springframework.boot.test.mock.mockito.ResetMocksTestExecutionListener@2c54c497]
]]></system-out>
  <system-err><![CDATA[]]></system-err>
</testsuite>
